# JRE version: Java(TM) SE Runtime Environment (17.0.12+8) (build 17.0.12+8-LTS-286)
# Java VM: Java HotSpot(TM) 64-Bit Server VM (17.0.12+8-LTS-286, mixed mode, sharing, tiered, compressed oops, compressed class ptrs, g1 gc, windows-amd64)
GC Precious Log:
 CPUs: 8 total, 8 available
 Memory: 32448M
 Large Page Support: Disabled
 NUMA Support: Disabled
 Compressed Oops: Enabled (Zero based)
 Heap Region Size: 4M
 Heap Min Capacity: 8M
 Heap Initial Capacity: 508M
 Heap Max Capacity: 8116M
 Pre-touch: Disabled
 Parallel Workers: 8
 Concurrent Workers: 2
 Concurrent Refinement Workers: 8
 Periodic GC: Disabled
Heap:
 garbage-first heap   total 548864K, used 280956K [0x0000000604c00000, 0x0000000800000000)
  region size 4096K, 4 young (16384K), 4 survivors (16384K)
 Metaspace       used 115275K, committed 116352K, reserved 1179648K
  class space    used 14844K, committed 15360K, reserved 1048576K
GC Heap History (20 events):
Event: 6200.378 GC heap after
{Heap after GC invocations=135 (full 0):
 garbage-first heap   total 487424K, used 219264K [0x0000000604c00000, 0x0000000800000000)
  region size 4096K, 1 young (4096K), 1 survivors (4096K)
 Metaspace       used 115108K, committed 116160K, reserved 1179648K
  class space    used 14843K, committed 15360K, reserved 1048576K
}
Event: 6219.327 GC heap before
{Heap before GC invocations=135 (full 0):
 garbage-first heap   total 487424K, used 354432K [0x0000000604c00000, 0x0000000800000000)
  region size 4096K, 35 young (143360K), 1 survivors (4096K)
 Metaspace       used 115113K, committed 116224K, reserved 1179648K
  class space    used 14843K, committed 15360K, reserved 1048576K
}
Event: 6219.338 GC heap after
{Heap after GC invocations=136 (full 0):
 garbage-first heap   total 487424K, used 242032K [0x0000000604c00000, 0x0000000800000000)
  region size 4096K, 5 young (20480K), 5 survivors (20480K)
 Metaspace       used 115113K, committed 116224K, reserved 1179648K
  class space    used 14843K, committed 15360K, reserved 1048576K
}
Event: 6243.016 GC heap before
{Heap before GC invocations=137 (full 0):
 garbage-first heap   total 487424K, used 360816K [0x0000000604c00000, 0x0000000800000000)
  region size 4096K, 36 young (147456K), 5 survivors (20480K)
 Metaspace       used 115136K, committed 116224K, reserved 1179648K
  class space    used 14844K, committed 15360K, reserved 1048576K
}
Event: 6243.019 GC heap after
{Heap after GC invocations=138 (full 0):
 garbage-first heap   total 487424K, used 245974K [0x0000000604c00000, 0x0000000800000000)
  region size 4096K, 4 young (16384K), 4 survivors (16384K)
 Metaspace       used 115136K, committed 116224K, reserved 1179648K
  class space    used 14844K, committed 15360K, reserved 1048576K
}
Event: 6243.350 GC heap before
{Heap before GC invocations=138 (full 0):
 garbage-first heap   total 487424K, used 250070K [0x0000000604c00000, 0x0000000800000000)
  region size 4096K, 5 young (20480K), 4 survivors (16384K)
 Metaspace       used 115136K, committed 116224K, reserved 1179648K
  class space    used 14844K, committed 15360K, reserved 1048576K
}
Event: 6243.353 GC heap after
{Heap after GC invocations=139 (full 0):
 garbage-first heap   total 487424K, used 235587K [0x0000000604c00000, 0x0000000800000000)
  region size 4096K, 1 young (4096K), 1 survivors (4096K)
 Metaspace       used 115136K, committed 116224K, reserved 1179648K
  class space    used 14844K, committed 15360K, reserved 1048576K
}
Event: 6259.500 GC heap before
{Heap before GC invocations=139 (full 0):
 garbage-first heap   total 487424K, used 366659K [0x0000000604c00000, 0x0000000800000000)
  region size 4096K, 34 young (139264K), 1 survivors (4096K)
 Metaspace       used 115164K, committed 116224K, reserved 1179648K
  class space    used 14844K, committed 15360K, reserved 1048576K
}
Event: 6259.509 GC heap after
{Heap after GC invocations=140 (full 0):
 garbage-first heap   total 487424K, used 246499K [0x0000000604c00000, 0x0000000800000000)
  region size 4096K, 4 young (16384K), 4 survivors (16384K)
 Metaspace       used 115164K, committed 116224K, reserved 1179648K
  class space    used 14844K, committed 15360K, reserved 1048576K
}
Event: 6279.373 GC heap before
{Heap before GC invocations=141 (full 0):
 garbage-first heap   total 487424K, used 373475K [0x0000000604c00000, 0x0000000800000000)
  region size 4096K, 36 young (147456K), 4 survivors (16384K)
 Metaspace       used 115182K, committed 116224K, reserved 1179648K
  class space    used 14844K, committed 15360K, reserved 1048576K
}
Event: 6279.380 GC heap after
{Heap after GC invocations=142 (full 0):
 garbage-first heap   total 487424K, used 254251K [0x0000000604c00000, 0x0000000800000000)
  region size 4096K, 4 young (16384K), 4 survivors (16384K)
 Metaspace       used 115182K, committed 116224K, reserved 1179648K
  class space    used 14844K, committed 15360K, reserved 1048576K
}
Event: 6279.392 GC heap before
{Heap before GC invocations=142 (full 0):
 garbage-first heap   total 487424K, used 258347K [0x0000000604c00000, 0x0000000800000000)
  region size 4096K, 5 young (20480K), 4 survivors (16384K)
 Metaspace       used 115182K, committed 116224K, reserved 1179648K
  class space    used 14844K, committed 15360K, reserved 1048576K
}
Event: 6279.401 GC heap after
{Heap after GC invocations=143 (full 0):
 garbage-first heap   total 487424K, used 242105K [0x0000000604c00000, 0x0000000800000000)
  region size 4096K, 1 young (4096K), 1 survivors (4096K)
 Metaspace       used 115182K, committed 116224K, reserved 1179648K
  class space    used 14844K, committed 15360K, reserved 1048576K
}
Event: 6295.926 GC heap before
{Heap before GC invocations=143 (full 0):
 garbage-first heap   total 487424K, used 373177K [0x0000000604c00000, 0x0000000800000000)
  region size 4096K, 34 young (139264K), 1 survivors (4096K)
 Metaspace       used 115191K, committed 116224K, reserved 1179648K
  class space    used 14844K, committed 15360K, reserved 1048576K
}
Event: 6295.932 GC heap after
{Heap after GC invocations=144 (full 0):
 garbage-first heap   total 487424K, used 258715K [0x0000000604c00000, 0x0000000800000000)
  region size 4096K, 5 young (20480K), 5 survivors (20480K)
 Metaspace       used 115191K, committed 116224K, reserved 1179648K
  class space    used 14844K, committed 15360K, reserved 1048576K
}
Event: 6302.456 GC heap before
{Heap before GC invocations=145 (full 0):
 garbage-first heap   total 487424K, used 377499K [0x0000000604c00000, 0x0000000800000000)
  region size 4096K, 35 young (143360K), 5 survivors (20480K)
 Metaspace       used 115203K, committed 116224K, reserved 1179648K
  class space    used 14844K, committed 15360K, reserved 1048576K
}
Event: 6302.472 GC heap after
{Heap after GC invocations=146 (full 0):
 garbage-first heap   total 487424K, used 273823K [0x0000000604c00000, 0x0000000800000000)
  region size 4096K, 5 young (20480K), 5 survivors (20480K)
 Metaspace       used 115203K, committed 116224K, reserved 1179648K
  class space    used 14844K, committed 15360K, reserved 1048576K
}
Event: 6302.480 GC heap before
{Heap before GC invocations=146 (full 0):
 garbage-first heap   total 487424K, used 277919K [0x0000000604c00000, 0x0000000800000000)
  region size 4096K, 6 young (24576K), 5 survivors (20480K)
 Metaspace       used 115205K, committed 116224K, reserved 1179648K
  class space    used 14844K, committed 15360K, reserved 1048576K
}
Event: 6302.492 GC heap after
{Heap after GC invocations=147 (full 0):
 garbage-first heap   total 487424K, used 269346K [0x0000000604c00000, 0x0000000800000000)
  region size 4096K, 1 young (4096K), 1 survivors (4096K)
 Metaspace       used 115205K, committed 116224K, reserved 1179648K
  class space    used 14844K, committed 15360K, reserved 1048576K
}
Event: 6331.589 GC heap before
{Heap before GC invocations=147 (full 0):
 garbage-first heap   total 487424K, used 375842K [0x0000000604c00000, 0x0000000800000000)
  region size 4096K, 28 young (114688K), 1 survivors (4096K)
 Metaspace       used 115275K, committed 116352K, reserved 1179648K
  class space    used 14844K, committed 15360K, reserved 1048576K
}

