# JRE version: Java(TM) SE Runtime Environment (17.0.12+8) (build 17.0.12+8-LTS-286)
# Java VM: Java HotSpot(TM) 64-Bit Server VM (17.0.12+8-LTS-286, mixed mode, sharing, tiered, compressed oops, compressed class ptrs, g1 gc, windows-amd64)
GC Precious Log:
 CPUs: 8 total, 8 available
 Memory: 32448M
 Large Page Support: Disabled
 NUMA Support: Disabled
 Compressed Oops: Enabled (Zero based)
 Heap Region Size: 4M
 Heap Min Capacity: 8M
 Heap Initial Capacity: 508M
 Heap Max Capacity: 8116M
 Pre-touch: Disabled
 Parallel Workers: 8
 Concurrent Workers: 2
 Concurrent Refinement Workers: 8
 Periodic GC: Disabled
Heap:
 garbage-first heap   total 458752K, used 299730K [0x0000000604c00000, 0x0000000800000000)
  region size 4096K, 26 young (106496K), 3 survivors (12288K)
 Metaspace       used 149171K, committed 150336K, reserved 1245184K
  class space    used 17327K, committed 17856K, reserved 1048576K
GC Heap History (20 events):
Event: 2221.355 GC heap before
{Heap before GC invocations=91 (full 5):
 garbage-first heap   total 380928K, used 299420K [0x0000000604c00000, 0x0000000800000000)
  region size 4096K, 32 young (131072K), 4 survivors (16384K)
 Metaspace       used 142546K, committed 143680K, reserved 1179648K
  class space    used 16793K, committed 17344K, reserved 1048576K
}
Event: 2221.362 GC heap after
{Heap after GC invocations=92 (full 5):
 garbage-first heap   total 380928K, used 185071K [0x0000000604c00000, 0x0000000800000000)
  region size 4096K, 3 young (12288K), 3 survivors (12288K)
 Metaspace       used 142546K, committed 143680K, reserved 1179648K
  class space    used 16793K, committed 17344K, reserved 1048576K
}
Event: 2230.403 GC heap before
{Heap before GC invocations=92 (full 5):
 garbage-first heap   total 380928K, used 201455K [0x0000000604c00000, 0x0000000800000000)
  region size 4096K, 8 young (32768K), 3 survivors (12288K)
 Metaspace       used 142581K, committed 143744K, reserved 1179648K
  class space    used 16795K, committed 17344K, reserved 1048576K
}
Event: 2230.509 GC heap after
{Heap after GC invocations=93 (full 6):
 garbage-first heap   total 380928K, used 174584K [0x0000000604c00000, 0x0000000800000000)
  region size 4096K, 0 young (0K), 0 survivors (0K)
 Metaspace       used 142562K, committed 143744K, reserved 1179648K
  class space    used 16791K, committed 17344K, reserved 1048576K
}
Event: 2231.196 GC heap before
{Heap before GC invocations=93 (full 6):
 garbage-first heap   total 380928K, used 297464K [0x0000000604c00000, 0x0000000800000000)
  region size 4096K, 31 young (126976K), 0 survivors (0K)
 Metaspace       used 144434K, committed 145536K, reserved 1179648K
  class space    used 16958K, committed 17472K, reserved 1048576K
}
Event: 2231.200 GC heap after
{Heap after GC invocations=94 (full 6):
 garbage-first heap   total 380928K, used 184865K [0x0000000604c00000, 0x0000000800000000)
  region size 4096K, 3 young (12288K), 3 survivors (12288K)
 Metaspace       used 144434K, committed 145536K, reserved 1179648K
  class space    used 16958K, committed 17472K, reserved 1048576K
}
Event: 2233.833 GC heap before
{Heap before GC invocations=94 (full 6):
 garbage-first heap   total 380928K, used 299553K [0x0000000604c00000, 0x0000000800000000)
  region size 4096K, 31 young (126976K), 3 survivors (12288K)
 Metaspace       used 144956K, committed 146048K, reserved 1179648K
  class space    used 17015K, committed 17536K, reserved 1048576K
}
Event: 2233.840 GC heap after
{Heap after GC invocations=95 (full 6):
 garbage-first heap   total 380928K, used 189455K [0x0000000604c00000, 0x0000000800000000)
  region size 4096K, 2 young (8192K), 2 survivors (8192K)
 Metaspace       used 144956K, committed 146048K, reserved 1179648K
  class space    used 17015K, committed 17536K, reserved 1048576K
}
Event: 2234.302 GC heap before
{Heap before GC invocations=95 (full 6):
 garbage-first heap   total 380928K, used 295951K [0x0000000604c00000, 0x0000000800000000)
  region size 4096K, 28 young (114688K), 2 survivors (8192K)
 Metaspace       used 145748K, committed 146880K, reserved 1179648K
  class space    used 17062K, committed 17600K, reserved 1048576K
}
Event: 2234.310 GC heap after
{Heap after GC invocations=96 (full 6):
 garbage-first heap   total 380928K, used 198046K [0x0000000604c00000, 0x0000000800000000)
  region size 4096K, 4 young (16384K), 4 survivors (16384K)
 Metaspace       used 145748K, committed 146880K, reserved 1179648K
  class space    used 17062K, committed 17600K, reserved 1048576K
}
Event: 2238.950 GC heap before
{Heap before GC invocations=96 (full 6):
 garbage-first heap   total 380928K, used 296350K [0x0000000604c00000, 0x0000000800000000)
  region size 4096K, 28 young (114688K), 4 survivors (16384K)
 Metaspace       used 146665K, committed 147776K, reserved 1179648K
  class space    used 17109K, committed 17664K, reserved 1048576K
}
Event: 2238.958 GC heap after
{Heap after GC invocations=97 (full 6):
 garbage-first heap   total 458752K, used 203749K [0x0000000604c00000, 0x0000000800000000)
  region size 4096K, 2 young (8192K), 2 survivors (8192K)
 Metaspace       used 146665K, committed 147776K, reserved 1179648K
  class space    used 17109K, committed 17664K, reserved 1048576K
}
Event: 2239.557 GC heap before
{Heap before GC invocations=97 (full 6):
 garbage-first heap   total 458752K, used 359397K [0x0000000604c00000, 0x0000000800000000)
  region size 4096K, 40 young (163840K), 2 survivors (8192K)
 Metaspace       used 147084K, committed 148160K, reserved 1179648K
  class space    used 17136K, committed 17664K, reserved 1048576K
}
Event: 2239.564 GC heap after
{Heap after GC invocations=98 (full 6):
 garbage-first heap   total 458752K, used 209036K [0x0000000604c00000, 0x0000000800000000)
  region size 4096K, 3 young (12288K), 3 survivors (12288K)
 Metaspace       used 147084K, committed 148160K, reserved 1179648K
  class space    used 17136K, committed 17664K, reserved 1048576K
}
Event: 2345.662 GC heap before
{Heap before GC invocations=98 (full 6):
 garbage-first heap   total 458752K, used 364684K [0x0000000604c00000, 0x0000000800000000)
  region size 4096K, 41 young (167936K), 3 survivors (12288K)
 Metaspace       used 147604K, committed 148800K, reserved 1245184K
  class space    used 17164K, committed 17728K, reserved 1048576K
}
Event: 2345.676 GC heap after
{Heap after GC invocations=99 (full 6):
 garbage-first heap   total 458752K, used 209023K [0x0000000604c00000, 0x0000000800000000)
  region size 4096K, 3 young (12288K), 3 survivors (12288K)
 Metaspace       used 147604K, committed 148800K, reserved 1245184K
  class space    used 17164K, committed 17728K, reserved 1048576K
}
Event: 2482.786 GC heap before
{Heap before GC invocations=99 (full 6):
 garbage-first heap   total 458752K, used 364671K [0x0000000604c00000, 0x0000000800000000)
  region size 4096K, 41 young (167936K), 3 survivors (12288K)
 Metaspace       used 148882K, committed 150016K, reserved 1245184K
  class space    used 17301K, committed 17856K, reserved 1048576K
}
Event: 2482.793 GC heap after
{Heap after GC invocations=100 (full 6):
 garbage-first heap   total 458752K, used 209618K [0x0000000604c00000, 0x0000000800000000)
  region size 4096K, 3 young (12288K), 3 survivors (12288K)
 Metaspace       used 148882K, committed 150016K, reserved 1245184K
  class space    used 17301K, committed 17856K, reserved 1048576K
}
Event: 2624.708 GC heap before
{Heap before GC invocations=100 (full 6):
 garbage-first heap   total 458752K, used 369362K [0x0000000604c00000, 0x0000000800000000)
  region size 4096K, 42 young (172032K), 3 survivors (12288K)
 Metaspace       used 149100K, committed 150208K, reserved 1245184K
  class space    used 17326K, committed 17856K, reserved 1048576K
}
Event: 2624.712 GC heap after
{Heap after GC invocations=101 (full 6):
 garbage-first heap   total 458752K, used 209618K [0x0000000604c00000, 0x0000000800000000)
  region size 4096K, 3 young (12288K), 3 survivors (12288K)
 Metaspace       used 149100K, committed 150208K, reserved 1245184K
  class space    used 17326K, committed 17856K, reserved 1048576K
}

